[2022-07-12 12:54:50,471]root-INFO-Training Pipeline Config:TrainingPipelineConfig(artifact_dir='E:\\ineuronbasics\\Machine-Learning-Projects\\housing\\artifact')
[2022-07-12 12:54:50,471]root-INFO-Data Ingestion Config :DataIngestionConfig(dataset_download_url='https://raw.githubusercontent.com/ageron/handson-ml/master/datasets/housing/housing.tgz', tgz_download_dir='E:\\ineuronbasics\\Machine-Learning-Projects\\housing\\artifact\\data_ingestion\\2022-07-12_12-54-47\\tgz_data', raw_data_dir='E:\\ineuronbasics\\Machine-Learning-Projects\\housing\\artifact\\data_ingestion\\2022-07-12_12-54-47\\raw_data', ingested_train_dir='E:\\ineuronbasics\\Machine-Learning-Projects\\housing\\artifact\\data_ingestion\\2022-07-12_12-54-47\\ingested_data\\train', ingested_test_dir='E:\\ineuronbasics\\Machine-Learning-Projects\\housing\\artifact\\data_ingestion\\2022-07-12_12-54-47\\ingested_data\\test')
[2022-07-12 12:54:50,472]root-INFO-====================Data Ingestion Log Started.====================
[2022-07-12 12:54:50,472]root-INFO-downloading file from :[https://raw.githubusercontent.com/ageron/handson-ml/master/datasets/housing/housing.tgz] into :[E:\ineuronbasics\Machine-Learning-Projects\housing\artifact\data_ingestion\2022-07-12_12-54-47\tgz_data\housing.tgz]
[2022-07-12 12:54:51,657]root-INFO-File :[E:\ineuronbasics\Machine-Learning-Projects\housing\artifact\data_ingestion\2022-07-12_12-54-47\tgz_data\housing.tgz] has been downloaded successfully
[2022-07-12 12:54:51,657]root-INFO-Extracting tgz file :[E:\ineuronbasics\Machine-Learning-Projects\housing\artifact\data_ingestion\2022-07-12_12-54-47\tgz_data\housing.tgz] into dir : [E:\ineuronbasics\Machine-Learning-Projects\housing\artifact\data_ingestion\2022-07-12_12-54-47\raw_data]
[2022-07-12 12:54:51,687]root-INFO-Extracting Completed
[2022-07-12 12:54:51,687]root-INFO-Reading csv file :[E:\ineuronbasics\Machine-Learning-Projects\housing\artifact\data_ingestion\2022-07-12_12-54-47\raw_data\housing.csv]
[2022-07-12 12:54:51,808]root-INFO-Splitting Data into train test split
[2022-07-12 12:54:51,885]root-INFO-Exporting training dataset to file :[E:\ineuronbasics\Machine-Learning-Projects\housing\artifact\data_ingestion\2022-07-12_12-54-47\ingested_data\train\housing.csv]
[2022-07-12 12:54:52,063]root-INFO-Exporting testing dataset to file :[E:\ineuronbasics\Machine-Learning-Projects\housing\artifact\data_ingestion\2022-07-12_12-54-47\ingested_data\test\housing.csv]
[2022-07-12 12:54:52,096]root-INFO-Data Ingestion Artifact :[DataIngestionArtifact(train_file_path='E:\\ineuronbasics\\Machine-Learning-Projects\\housing\\artifact\\data_ingestion\\2022-07-12_12-54-47\\ingested_data\\train\\housing.csv', test_file_path='E:\\ineuronbasics\\Machine-Learning-Projects\\housing\\artifact\\data_ingestion\\2022-07-12_12-54-47\\ingested_data\\test\\housing.csv', is_ingested=True, message='Data Ingestion completed Successfully')]
[2022-07-12 12:54:52,096]root-INFO-====================Data Ingestion Log Completed.==================== 


[2022-07-12 12:54:52,096]root-INFO-Checking if training and test file is available
[2022-07-12 12:54:52,096]root-INFO-Is train test file exists..?->True
[2022-07-12 12:54:52,215]root-ERROR-
        Error occured in script: 
        [ E:\ineuronbasics\Machine-Learning-Projects\housing\pipeline\pipeline.py ] at 
        try block line number: [53] 
        and exception block line number: [56] 
        error message: [
        Error occured in script: 
        [ E:\ineuronbasics\Machine-Learning-Projects\housing\pipeline\pipeline.py ] at 
        try block line number: [32] 
        and exception block line number: [34] 
        error message: [
        Error occured in script: 
        [ E:\ineuronbasics\Machine-Learning-Projects\housing\component\data_validation.py ] at 
        try block line number: [121] 
        and exception block line number: [132] 
        error message: [
        Error occured in script: 
        [ E:\ineuronbasics\Machine-Learning-Projects\housing\component\data_validation.py ] at 
        try block line number: [108] 
        and exception block line number: [112] 
        error message: [
        Error occured in script: 
        [ E:\ineuronbasics\Machine-Learning-Projects\housing\component\data_validation.py ] at 
        try block line number: [89] 
        and exception block line number: [93] 
        error message: [[Errno 2] No such file or directory: 'E:\\ineuronbasics\\Machine-Learning-Projects\\housing\\artifact\\data_validation\\2022-07-12_12-54-47\\report.json']
        ]
        ]
        ]
        ]
        
