[2022-08-01 21:43:20,626]^;INFO^;224^;_internal.py^;_log()^; * Running on http://127.0.0.1:5000 (Press CTRL+C to quit)
[2022-08-01 21:43:45,711]^;INFO^;224^;_internal.py^;_log()^;127.0.0.1 - - [01/Aug/2022 21:43:45] "GET / HTTP/1.1" 200 -
[2022-08-01 21:43:57,547]^;INFO^;222^;configuration.py^;get_training_pipeline_config()^;Training Pipeline Config:TrainingPipelineConfig(artifact_dir='E:\\ineuronbasics\\Machine-Learning-Projects\\housing\\artifact')
[2022-08-01 21:43:57,548]^;INFO^;116^;pipeline.py^;run_pipeline()^;Pipeline starting.
[2022-08-01 21:43:57,548]^;INFO^;132^;pipeline.py^;run_pipeline()^;Pipeline experiment: Experiment(experiment_id='46c37c50-dc97-4ec8-8e64-139e276b6327', initialization_timestamp='2022-08-01-21-43-57', artifact_time_stamp='2022-08-01-21-43-57', running_status=True, start_time=datetime.datetime(2022, 8, 1, 21, 43, 57, 548350), stop_time=None, execution_time=None, message='Pipeline has been started.', experiment_file_path='E:\\ineuronbasics\\Machine-Learning-Projects\\housing\\artifact\\experiment\\experiment.csv', accuracy=None, is_model_accepted=None)
[2022-08-01 21:43:57,572]^;INFO^;224^;_internal.py^;_log()^;127.0.0.1 - - [01/Aug/2022 21:43:57] "GET /train HTTP/1.1" 200 -
[2022-08-01 21:43:57,574]^;INFO^;67^;configuration.py^;get_data_ingestion_config()^;Data Ingestion Config :DataIngestionConfig(dataset_download_url='https://raw.githubusercontent.com/ageron/handson-ml/master/datasets/housing/housing.tgz', tgz_download_dir='E:\\ineuronbasics\\Machine-Learning-Projects\\housing\\artifact\\data_ingestion\\2022-08-01-21-43-57\\tgz_data', raw_data_dir='E:\\ineuronbasics\\Machine-Learning-Projects\\housing\\artifact\\data_ingestion\\2022-08-01-21-43-57\\raw_data', ingested_train_dir='E:\\ineuronbasics\\Machine-Learning-Projects\\housing\\artifact\\data_ingestion\\2022-08-01-21-43-57\\ingested_data\\train', ingested_test_dir='E:\\ineuronbasics\\Machine-Learning-Projects\\housing\\artifact\\data_ingestion\\2022-08-01-21-43-57\\ingested_data\\test')
[2022-08-01 21:43:57,575]^;INFO^;16^;data_ingestion.py^;__init__()^;>>>>>>>>>>>>>>>>>>>>>>>>>>>>>>>>>>>>>>>>Data Ingestion log started.<<<<<<<<<<<<<<<<<<<<<<<<<<<<<<<<<<<<<<<< 
[2022-08-01 21:43:57,577]^;INFO^;37^;data_ingestion.py^;download_housing_data()^;Downloading file from :[https://raw.githubusercontent.com/ageron/handson-ml/master/datasets/housing/housing.tgz] into :[E:\ineuronbasics\Machine-Learning-Projects\housing\artifact\data_ingestion\2022-08-01-21-43-57\tgz_data\housing.tgz]
[2022-08-01 21:43:58,402]^;INFO^;39^;data_ingestion.py^;download_housing_data()^;File :[E:\ineuronbasics\Machine-Learning-Projects\housing\artifact\data_ingestion\2022-08-01-21-43-57\tgz_data\housing.tgz] has been downloaded successfully.
[2022-08-01 21:43:58,402]^;INFO^;54^;data_ingestion.py^;extract_tgz_file()^;Extracting tgz file: [E:\ineuronbasics\Machine-Learning-Projects\housing\artifact\data_ingestion\2022-08-01-21-43-57\tgz_data\housing.tgz] into dir: [E:\ineuronbasics\Machine-Learning-Projects\housing\artifact\data_ingestion\2022-08-01-21-43-57\raw_data]
[2022-08-01 21:43:58,426]^;INFO^;57^;data_ingestion.py^;extract_tgz_file()^;Extraction completed
[2022-08-01 21:43:58,426]^;INFO^;71^;data_ingestion.py^;split_data_as_train_test()^;Reading csv file: [E:\ineuronbasics\Machine-Learning-Projects\housing\artifact\data_ingestion\2022-08-01-21-43-57\raw_data\housing.csv]
[2022-08-01 21:43:58,548]^;INFO^;81^;data_ingestion.py^;split_data_as_train_test()^;Splitting data into train and test
[2022-08-01 21:44:00,184]^;INFO^;99^;data_ingestion.py^;split_data_as_train_test()^;Exporting training datset to file: [E:\ineuronbasics\Machine-Learning-Projects\housing\artifact\data_ingestion\2022-08-01-21-43-57\ingested_data\train\housing.csv]
[2022-08-01 21:44:00,726]^;INFO^;104^;data_ingestion.py^;split_data_as_train_test()^;Exporting test dataset to file: [E:\ineuronbasics\Machine-Learning-Projects\housing\artifact\data_ingestion\2022-08-01-21-43-57\ingested_data\test\housing.csv]
[2022-08-01 21:44:00,826]^;INFO^;113^;data_ingestion.py^;split_data_as_train_test()^;Data Ingestion artifact:[DataIngestionArtifact(train_file_path='E:\\ineuronbasics\\Machine-Learning-Projects\\housing\\artifact\\data_ingestion\\2022-08-01-21-43-57\\ingested_data\\train\\housing.csv', test_file_path='E:\\ineuronbasics\\Machine-Learning-Projects\\housing\\artifact\\data_ingestion\\2022-08-01-21-43-57\\ingested_data\\test\\housing.csv', is_ingested=True, message='Data ingestion completed successfully.')]
[2022-08-01 21:44:00,827]^;INFO^;130^;data_ingestion.py^;__del__()^;>>>>>>>>>>>>>>>>>>>>>>>>>>>>>>>>>>>>>>>>Data Ingestion log completed.<<<<<<<<<<<<<<<<<<<<<<<<<<<<<<<<<<<<<<<< 


[2022-08-01 21:44:00,827]^;INFO^;19^;data_validation.py^;__init__()^;====================Data Validation Log Started.==================== 


[2022-08-01 21:44:00,827]^;INFO^;39^;data_validation.py^;is_train_file_exists()^;Checking if training and test file is available
[2022-08-01 21:44:00,827]^;INFO^;51^;data_validation.py^;is_train_file_exists()^;Is train test file exists..?->True
[2022-08-01 21:44:04,280]^;INFO^;133^;data_validation.py^;initiate_data_validation()^;Data Validation Artifact : DataValidationArtifact(schema_file_path='E:\\ineuronbasics\\Machine-Learning-Projects\\config\\schema.yaml', report_file_path='E:\\ineuronbasics\\Machine-Learning-Projects\\housing\\artifact\\data_validation\\2022-08-01-21-43-57\\report.json', report_page_file_path='E:\\ineuronbasics\\Machine-Learning-Projects\\housing\\artifact\\data_validation\\2022-08-01-21-43-57\\report.html', is_validated=True, message='Data Validation performed successfully')
[2022-08-01 21:44:04,280]^;INFO^;139^;data_validation.py^;__del__()^;====================Data Validation Log Completed.==================== 


[2022-08-01 21:44:04,280]^;INFO^;145^;configuration.py^;get_data_transformation_config()^;Data Transformation Config :DataTransformationConfig(add_bedroom_per_room=True, transformed_train_dir='E:\\ineuronbasics\\Machine-Learning-Projects\\housing\\artifact\\data_transformation\\2022-08-01-21-43-57\\transformed_data\\train', transformed_test_dir='E:\\ineuronbasics\\Machine-Learning-Projects\\housing\\artifact\\data_transformation\\2022-08-01-21-43-57\\transformed_data\\test', preprocessed_object_file_path='E:\\ineuronbasics\\Machine-Learning-Projects\\housing\\artifact\\data_transformation\\2022-08-01-21-43-57\\preprocessed\\preprocessed.pkl')
[2022-08-01 21:44:04,281]^;INFO^;97^;data_transformation.py^;__init__()^;>>>>>>>>>>>>>>>>>>>>>>>>>>>>>>>>>>>>>>>>>>>>>>>>>>>>>>>>>>>>Data Transformation log started.<<<<<<<<<<<<<<<<<<<<<<<<<<<<<<<<<<<<<<<<<<<<<<<<<<<<<<<<<<<< 
[2022-08-01 21:44:04,281]^;INFO^;148^;data_transformation.py^;initiate_data_transformation()^;Obtaining preprocessing object.
[2022-08-01 21:44:04,291]^;INFO^;133^;data_transformation.py^;get_data_transformer_object()^;Categorical columns: ['ocean_proximity']
[2022-08-01 21:44:04,291]^;INFO^;134^;data_transformation.py^;get_data_transformer_object()^;Numerical columns: ['longitude', 'latitude', 'housing_median_age', 'total_rooms', 'total_bedrooms', 'population', 'households', 'median_income']
[2022-08-01 21:44:04,292]^;INFO^;151^;data_transformation.py^;initiate_data_transformation()^;Obtaining training and test file path.
[2022-08-01 21:44:04,292]^;INFO^;157^;data_transformation.py^;initiate_data_transformation()^;Loading training and test data as pandas dataframe.
[2022-08-01 21:44:04,360]^;INFO^;166^;data_transformation.py^;initiate_data_transformation()^;Splitting input and target feature from training and testing dataframe.
[2022-08-01 21:44:04,362]^;INFO^;173^;data_transformation.py^;initiate_data_transformation()^;Applying preprocessing object on training dataframe and testing dataframe
[2022-08-01 21:44:04,454]^;INFO^;189^;data_transformation.py^;initiate_data_transformation()^;Saving transformed training and testing array.
[2022-08-01 21:44:04,459]^;INFO^;196^;data_transformation.py^;initiate_data_transformation()^;Saving preprocessing object.
[2022-08-01 21:44:04,464]^;INFO^;206^;data_transformation.py^;initiate_data_transformation()^;Data Transformation Artifact : DataTransformationArtifact(is_transformed=True, message='DATA TRANSFORMATION SUCCESSFULLY', transformed_train_file_path='E:\\ineuronbasics\\Machine-Learning-Projects\\housing\\artifact\\data_transformation\\2022-08-01-21-43-57\\transformed_data\\train\\housing.npz', transformed_test_file_path='E:\\ineuronbasics\\Machine-Learning-Projects\\housing\\artifact\\data_transformation\\2022-08-01-21-43-57\\transformed_data\\test\\housing.npz', preprocessed_object_file_path='E:\\ineuronbasics\\Machine-Learning-Projects\\housing\\artifact\\data_transformation\\2022-08-01-21-43-57\\preprocessed\\preprocessed.pkl')
[2022-08-01 21:44:04,465]^;INFO^;213^;data_transformation.py^;__del__()^;====================Data Transformation Log Completed.==================== 


[2022-08-01 21:44:04,466]^;INFO^;178^;configuration.py^;get_model_trainer_config()^;Model Trainer Config : ModelTrainerConfig(trained_model_file_path='E:\\ineuronbasics\\Machine-Learning-Projects\\housing\\artifact\\model_trainer\\2022-08-01-21-43-57\\trained_model\\model.pkl', base_accuracy=0.6, model_config_file_path='config\\model.yaml')
[2022-08-01 21:44:04,466]^;INFO^;45^;model_trainer.py^;__init__()^;>>>>>>>>>>>>>>>>>>>>>>>>>>>>>>>>>>>>>>>>>>>>>>>>>>>>>>>>>>>>Model trainer log started.<<<<<<<<<<<<<<<<<<<<<<<<<<<<<<<<<<<<<<<<<<<<<<<<<<<<<<<<<<<< 
[2022-08-01 21:44:04,466]^;INFO^;53^;model_trainer.py^;initiate_model_trainer()^;Loading transformed training dataset
[2022-08-01 21:44:04,473]^;INFO^;57^;model_trainer.py^;initiate_model_trainer()^;Loading transformed testing dataset
[2022-08-01 21:44:04,474]^;INFO^;61^;model_trainer.py^;initiate_model_trainer()^;Splitting training and testing input and target feature
[2022-08-01 21:44:04,474]^;INFO^;65^;model_trainer.py^;initiate_model_trainer()^;Extracting model config file path
[2022-08-01 21:44:04,474]^;INFO^;68^;model_trainer.py^;initiate_model_trainer()^;Initializing model factory class using above model config file: config\model.yaml
[2022-08-01 21:44:04,478]^;INFO^;73^;model_trainer.py^;initiate_model_trainer()^;Expected accuracy: 0.6
[2022-08-01 21:44:04,478]^;INFO^;75^;model_trainer.py^;initiate_model_trainer()^;Initiating operation model selecttion
[2022-08-01 21:44:04,478]^;INFO^;358^;model_factory.py^;get_best_model()^;Started Initializing model from config file
[2022-08-01 21:44:04,478]^;INFO^;203^;model_factory.py^;class_for_name()^;Executing command: from <module 'sklearn.linear_model' from 'E:\\ineuronbasics\\Machine-Learning-Projects\\venv\\lib\\site-packages\\sklearn\\linear_model\\__init__.py'> import LinearRegression
[2022-08-01 21:44:04,481]^;INFO^;182^;model_factory.py^;update_property_of_class()^;Executing:$ LinearRegression().fit_intercept=True
[2022-08-01 21:44:04,731]^;INFO^;203^;model_factory.py^;class_for_name()^;Executing command: from <module 'sklearn.ensemble' from 'E:\\ineuronbasics\\Machine-Learning-Projects\\venv\\lib\\site-packages\\sklearn\\ensemble\\__init__.py'> import RandomForestRegressor
[2022-08-01 21:44:04,733]^;INFO^;182^;model_factory.py^;update_property_of_class()^;Executing:$ RandomForestRegressor().min_samples_leaf=3
[2022-08-01 21:44:04,734]^;INFO^;360^;model_factory.py^;get_best_model()^;Initialized model: [InitializedModelDetail(model_serial_number='module_0', model=LinearRegression(), param_grid_search={'fit_intercept': [True, False]}, model_name='sklearn.linear_model.LinearRegression'), InitializedModelDetail(model_serial_number='module_1', model=RandomForestRegressor(min_samples_leaf=3), param_grid_search={'min_samples_leaf': [6]}, model_name='sklearn.ensemble.RandomForestRegressor')]
[2022-08-01 21:44:04,734]^;INFO^;203^;model_factory.py^;class_for_name()^;Executing command: from <module 'sklearn.model_selection' from 'E:\\ineuronbasics\\Machine-Learning-Projects\\venv\\lib\\site-packages\\sklearn\\model_selection\\__init__.py'> import GridSearchCV
[2022-08-01 21:44:04,736]^;INFO^;182^;model_factory.py^;update_property_of_class()^;Executing:$ GridSearchCV(estimator=LinearRegression(),
             param_grid={'fit_intercept': [True, False]}).cv=5
[2022-08-01 21:44:04,739]^;INFO^;182^;model_factory.py^;update_property_of_class()^;Executing:$ GridSearchCV(cv=5, estimator=LinearRegression(),
             param_grid={'fit_intercept': [True, False]}).verbose=2
[2022-08-01 21:44:04,739]^;INFO^;236^;model_factory.py^;execute_grid_search_operation()^;>>>>>>>>>>>>>>>>>>>>>>>>>>>>>>>>>>>>>>>>>>>>>>>>>>>>>>>>>>>> f"Training LinearRegression Started." <<<<<<<<<<<<<<<<<<<<<<<<<<<<<<<<<<<<<<<<<<<<<<<<<<<<<<<<<<<<
[2022-08-01 21:44:04,987]^;INFO^;203^;model_factory.py^;class_for_name()^;Executing command: from <module 'sklearn.model_selection' from 'E:\\ineuronbasics\\Machine-Learning-Projects\\venv\\lib\\site-packages\\sklearn\\model_selection\\__init__.py'> import GridSearchCV
[2022-08-01 21:44:04,990]^;INFO^;182^;model_factory.py^;update_property_of_class()^;Executing:$ GridSearchCV(estimator=RandomForestRegressor(min_samples_leaf=3),
             param_grid={'min_samples_leaf': [6]}).cv=5
[2022-08-01 21:44:04,993]^;INFO^;182^;model_factory.py^;update_property_of_class()^;Executing:$ GridSearchCV(cv=5, estimator=RandomForestRegressor(min_samples_leaf=3),
             param_grid={'min_samples_leaf': [6]}).verbose=2
[2022-08-01 21:44:04,994]^;INFO^;236^;model_factory.py^;execute_grid_search_operation()^;>>>>>>>>>>>>>>>>>>>>>>>>>>>>>>>>>>>>>>>>>>>>>>>>>>>>>>>>>>>> f"Training RandomForestRegressor Started." <<<<<<<<<<<<<<<<<<<<<<<<<<<<<<<<<<<<<<<<<<<<<<<<<<<<<<<<<<<<
[2022-08-01 21:45:11,204]^;INFO^;222^;configuration.py^;get_training_pipeline_config()^;Training Pipeline Config:TrainingPipelineConfig(artifact_dir='E:\\ineuronbasics\\Machine-Learning-Projects\\housing\\artifact')
[2022-08-01 21:45:11,220]^;INFO^;224^;_internal.py^;_log()^;127.0.0.1 - - [01/Aug/2022 21:45:11] "GET /train HTTP/1.1" 200 -
[2022-08-01 21:45:30,289]^;INFO^;345^;model_factory.py^;get_best_model_from_grid_searched_best_model_list()^;Acceptable model found:GridSearchedBestModel(model_serial_number='module_0', model=LinearRegression(), best_model=LinearRegression(fit_intercept=False), best_parameters={'fit_intercept': False}, best_score=0.6425567028055794)
[2022-08-01 21:45:30,289]^;INFO^;345^;model_factory.py^;get_best_model_from_grid_searched_best_model_list()^;Acceptable model found:GridSearchedBestModel(model_serial_number='module_1', model=RandomForestRegressor(min_samples_leaf=3), best_model=RandomForestRegressor(min_samples_leaf=6), best_parameters={'min_samples_leaf': 6}, best_score=0.8038687660374253)
[2022-08-01 21:45:30,290]^;INFO^;351^;model_factory.py^;get_best_model_from_grid_searched_best_model_list()^;Best model: GridSearchedBestModel(model_serial_number='module_1', model=RandomForestRegressor(min_samples_leaf=3), best_model=RandomForestRegressor(min_samples_leaf=6), best_parameters={'min_samples_leaf': 6}, best_score=0.8038687660374253)
[2022-08-01 21:45:30,291]^;INFO^;78^;model_trainer.py^;initiate_model_trainer()^;Best model found on training dataset: GridSearchedBestModel(model_serial_number='module_1', model=RandomForestRegressor(min_samples_leaf=3), best_model=RandomForestRegressor(min_samples_leaf=6), best_parameters={'min_samples_leaf': 6}, best_score=0.8038687660374253)
[2022-08-01 21:45:30,291]^;INFO^;80^;model_trainer.py^;initiate_model_trainer()^;Extracting trained model list.
[2022-08-01 21:45:30,291]^;INFO^;84^;model_trainer.py^;initiate_model_trainer()^;Evaluation all trained model on training and testing dataset both
[2022-08-01 21:45:30,291]^;INFO^;71^;model_factory.py^;evaluate_regression_model()^;>>>>>>>>>>>>>>>>>>>>>>>>>>>>>>>>>>>>>>>>>>>>>>>>>>>>>>>>>>>>Started evaluating model: [LinearRegression] <<<<<<<<<<<<<<<<<<<<<<<<<<<<<<<<<<<<<<<<<<<<<<<<<<<<<<<<<<<<
[2022-08-01 21:45:30,296]^;INFO^;90^;model_factory.py^;evaluate_regression_model()^;>>>>>>>>>>>>>>>>>>>>>>>>>>>>>>>>>>>>>>>>>>>>>>>>>>>>>>>>>>>> Score <<<<<<<<<<<<<<<<<<<<<<<<<<<<<<<<<<<<<<<<<<<<<<<<<<<<<<<<<<<<
[2022-08-01 21:45:30,296]^;INFO^;91^;model_factory.py^;evaluate_regression_model()^;Train Score		 Test Score		 Average Score
[2022-08-01 21:45:30,296]^;INFO^;92^;model_factory.py^;evaluate_regression_model()^;0.6481553634454353		 0.6524330608386422		0.650287177366607
[2022-08-01 21:45:30,296]^;INFO^;94^;model_factory.py^;evaluate_regression_model()^;>>>>>>>>>>>>>>>>>>>>>>>>>>>>>>>>>>>>>>>>>>>>>>>>>>>>>>>>>>>> Loss <<<<<<<<<<<<<<<<<<<<<<<<<<<<<<<<<<<<<<<<<<<<<<<<<<<<<<<<<<<<
[2022-08-01 21:45:30,297]^;INFO^;95^;model_factory.py^;evaluate_regression_model()^;Diff test train accuracy: [0.004277697393206825].
[2022-08-01 21:45:30,297]^;INFO^;96^;model_factory.py^;evaluate_regression_model()^;Train root mean squared error: [68627.87390018745].
[2022-08-01 21:45:30,297]^;INFO^;97^;model_factory.py^;evaluate_regression_model()^;Test root mean squared error: [67304.47314152].
[2022-08-01 21:45:30,297]^;INFO^;113^;model_factory.py^;evaluate_regression_model()^;Acceptable model found MetricInfoArtifact(model_name='LinearRegression(fit_intercept=False)', model_object=LinearRegression(fit_intercept=False), train_rmse=68627.87390018745, test_rmse=67304.47314152, train_accuracy=0.6481553634454353, test_accuracy=0.6524330608386422, model_accuracy=0.650287177366607, index_number=0). 
[2022-08-01 21:45:30,297]^;INFO^;71^;model_factory.py^;evaluate_regression_model()^;>>>>>>>>>>>>>>>>>>>>>>>>>>>>>>>>>>>>>>>>>>>>>>>>>>>>>>>>>>>>Started evaluating model: [RandomForestRegressor] <<<<<<<<<<<<<<<<<<<<<<<<<<<<<<<<<<<<<<<<<<<<<<<<<<<<<<<<<<<<
[2022-08-01 21:45:30,758]^;INFO^;90^;model_factory.py^;evaluate_regression_model()^;>>>>>>>>>>>>>>>>>>>>>>>>>>>>>>>>>>>>>>>>>>>>>>>>>>>>>>>>>>>> Score <<<<<<<<<<<<<<<<<<<<<<<<<<<<<<<<<<<<<<<<<<<<<<<<<<<<<<<<<<<<
[2022-08-01 21:45:30,758]^;INFO^;91^;model_factory.py^;evaluate_regression_model()^;Train Score		 Test Score		 Average Score
[2022-08-01 21:45:30,758]^;INFO^;92^;model_factory.py^;evaluate_regression_model()^;0.9046559416594759		 0.5215140101444224		0.6616192513929564
[2022-08-01 21:45:30,758]^;INFO^;94^;model_factory.py^;evaluate_regression_model()^;>>>>>>>>>>>>>>>>>>>>>>>>>>>>>>>>>>>>>>>>>>>>>>>>>>>>>>>>>>>> Loss <<<<<<<<<<<<<<<<<<<<<<<<<<<<<<<<<<<<<<<<<<<<<<<<<<<<<<<<<<<<
[2022-08-01 21:45:30,759]^;INFO^;95^;model_factory.py^;evaluate_regression_model()^;Diff test train accuracy: [0.3831419315150535].
[2022-08-01 21:45:30,759]^;INFO^;96^;model_factory.py^;evaluate_regression_model()^;Train root mean squared error: [35724.97174310029].
[2022-08-01 21:45:30,759]^;INFO^;97^;model_factory.py^;evaluate_regression_model()^;Test root mean squared error: [78969.48619496658].
[2022-08-01 21:45:30,759]^;INFO^;87^;model_trainer.py^;initiate_model_trainer()^;Best found model on both training and testing dataset.
[2022-08-01 21:45:30,760]^;INFO^;95^;model_trainer.py^;initiate_model_trainer()^;Saving model at path: E:\ineuronbasics\Machine-Learning-Projects\housing\artifact\model_trainer\2022-08-01-21-43-57\trained_model\model.pkl
[2022-08-01 21:45:30,766]^;INFO^;109^;model_trainer.py^;initiate_model_trainer()^;Model Trainer Artifact: ModelTrainerArtifact(is_trained=True, message='Model Trained successfully', trained_model_file_path='E:\\ineuronbasics\\Machine-Learning-Projects\\housing\\artifact\\model_trainer\\2022-08-01-21-43-57\\trained_model\\model.pkl', train_rmse=68627.87390018745, test_rmse=67304.47314152, train_accuracy=0.6481553634454353, test_accuracy=0.6524330608386422, model_accuracy=0.650287177366607)
[2022-08-01 21:45:30,769]^;INFO^;115^;model_trainer.py^;__del__()^;>>>>>>>>>>>>>>>>>>>>>>>>>>>>>>>>>>>>>>>>>>>>>>>>>>>>>>>>>>>>Model trainer log completed.<<<<<<<<<<<<<<<<<<<<<<<<<<<<<<<<<<<<<<<<<<<<<<<<<<<<<<<<<<<< 
[2022-08-01 21:45:30,769]^;INFO^;195^;configuration.py^;get_model_evaluation_config()^;Model Evaluation Config: ModelEvaluationConfig(model_evaluation_file_path='E:\\ineuronbasics\\Machine-Learning-Projects\\housing\\artifact\\model_evaluation\\model_evaluation.yaml', time_stamp='2022-08-01-21-43-57').
[2022-08-01 21:45:30,769]^;INFO^;21^;model_evaluation.py^;__init__()^;>>>>>>>>>>>>>>>>>>>>>>>>>>>>>>>>>>>>>>>>>>>>>>>>>>>>>>>>>>>>Model Evaluation log started.<<<<<<<<<<<<<<<<<<<<<<<<<<<<<<<<<<<<<<<<<<<<<<<<<<<<<<<<<<<< 
[2022-08-01 21:45:30,832]^;INFO^;103^;model_evaluation.py^;initiate_model_evaluation()^;Converting target column into numpy array.
[2022-08-01 21:45:30,832]^;INFO^;106^;model_evaluation.py^;initiate_model_evaluation()^;Conversion completed target column into numpy array.
[2022-08-01 21:45:30,832]^;INFO^;109^;model_evaluation.py^;initiate_model_evaluation()^;Dropping target column from the dataframe.
[2022-08-01 21:45:30,835]^;INFO^;112^;model_evaluation.py^;initiate_model_evaluation()^;Dropping target column from the dataframe completed.
[2022-08-01 21:45:30,837]^;INFO^;71^;model_factory.py^;evaluate_regression_model()^;>>>>>>>>>>>>>>>>>>>>>>>>>>>>>>>>>>>>>>>>>>>>>>>>>>>>>>>>>>>>Started evaluating model: [HousingEstimatorModel] <<<<<<<<<<<<<<<<<<<<<<<<<<<<<<<<<<<<<<<<<<<<<<<<<<<<<<<<<<<<
[2022-08-01 21:45:30,870]^;INFO^;90^;model_factory.py^;evaluate_regression_model()^;>>>>>>>>>>>>>>>>>>>>>>>>>>>>>>>>>>>>>>>>>>>>>>>>>>>>>>>>>>>> Score <<<<<<<<<<<<<<<<<<<<<<<<<<<<<<<<<<<<<<<<<<<<<<<<<<<<<<<<<<<<
[2022-08-01 21:45:30,870]^;INFO^;91^;model_factory.py^;evaluate_regression_model()^;Train Score		 Test Score		 Average Score
[2022-08-01 21:45:30,870]^;INFO^;92^;model_factory.py^;evaluate_regression_model()^;0.6427995201938297		 0.6524330608386422		0.6475804648634866
[2022-08-01 21:45:30,870]^;INFO^;94^;model_factory.py^;evaluate_regression_model()^;>>>>>>>>>>>>>>>>>>>>>>>>>>>>>>>>>>>>>>>>>>>>>>>>>>>>>>>>>>>> Loss <<<<<<<<<<<<<<<<<<<<<<<<<<<<<<<<<<<<<<<<<<<<<<<<<<<<<<<<<<<<
[2022-08-01 21:45:30,870]^;INFO^;95^;model_factory.py^;evaluate_regression_model()^;Diff test train accuracy: [0.009633540644812477].
[2022-08-01 21:45:30,870]^;INFO^;96^;model_factory.py^;evaluate_regression_model()^;Train root mean squared error: [69148.234133541].
[2022-08-01 21:45:30,870]^;INFO^;97^;model_factory.py^;evaluate_regression_model()^;Test root mean squared error: [67304.47314152].
[2022-08-01 21:45:30,870]^;INFO^;71^;model_factory.py^;evaluate_regression_model()^;>>>>>>>>>>>>>>>>>>>>>>>>>>>>>>>>>>>>>>>>>>>>>>>>>>>>>>>>>>>>Started evaluating model: [HousingEstimatorModel] <<<<<<<<<<<<<<<<<<<<<<<<<<<<<<<<<<<<<<<<<<<<<<<<<<<<<<<<<<<<
[2022-08-01 21:45:30,903]^;INFO^;90^;model_factory.py^;evaluate_regression_model()^;>>>>>>>>>>>>>>>>>>>>>>>>>>>>>>>>>>>>>>>>>>>>>>>>>>>>>>>>>>>> Score <<<<<<<<<<<<<<<<<<<<<<<<<<<<<<<<<<<<<<<<<<<<<<<<<<<<<<<<<<<<
[2022-08-01 21:45:30,903]^;INFO^;91^;model_factory.py^;evaluate_regression_model()^;Train Score		 Test Score		 Average Score
[2022-08-01 21:45:30,903]^;INFO^;92^;model_factory.py^;evaluate_regression_model()^;0.6427995201938297		 0.6524330608386422		0.6475804648634866
[2022-08-01 21:45:30,904]^;INFO^;94^;model_factory.py^;evaluate_regression_model()^;>>>>>>>>>>>>>>>>>>>>>>>>>>>>>>>>>>>>>>>>>>>>>>>>>>>>>>>>>>>> Loss <<<<<<<<<<<<<<<<<<<<<<<<<<<<<<<<<<<<<<<<<<<<<<<<<<<<<<<<<<<<
[2022-08-01 21:45:30,904]^;INFO^;95^;model_factory.py^;evaluate_regression_model()^;Diff test train accuracy: [0.009633540644812477].
[2022-08-01 21:45:30,904]^;INFO^;96^;model_factory.py^;evaluate_regression_model()^;Train root mean squared error: [69148.234133541].
[2022-08-01 21:45:30,904]^;INFO^;97^;model_factory.py^;evaluate_regression_model()^;Test root mean squared error: [67304.47314152].
[2022-08-01 21:45:30,904]^;INFO^;116^;model_factory.py^;evaluate_regression_model()^;No model found with higher accuracy than base accuracy
[2022-08-01 21:45:30,904]^;INFO^;133^;model_evaluation.py^;initiate_model_evaluation()^;Model evaluation completed. model metric artifact: None
[2022-08-01 21:45:30,904]^;INFO^;139^;model_evaluation.py^;initiate_model_evaluation()^;ModelEvaluationArtifact(is_model_accepted=False, evaluated_model_path='E:\\ineuronbasics\\Machine-Learning-Projects\\housing\\artifact\\model_trainer\\2022-08-01-21-43-57\\trained_model\\model.pkl')
[2022-08-01 21:45:30,904]^;INFO^;157^;model_evaluation.py^;__del__()^;====================Model Evaluation log completed.==================== 
[2022-08-01 21:45:30,904]^;INFO^;152^;pipeline.py^;run_pipeline()^;Trained model rejected.
[2022-08-01 21:45:30,904]^;INFO^;153^;pipeline.py^;run_pipeline()^;Pipeline completed.
[2022-08-01 21:45:30,905]^;INFO^;168^;pipeline.py^;run_pipeline()^;Pipeline experiment: Experiment(experiment_id='46c37c50-dc97-4ec8-8e64-139e276b6327', initialization_timestamp='2022-08-01-21-43-57', artifact_time_stamp='2022-08-01-21-43-57', running_status=False, start_time=datetime.datetime(2022, 8, 1, 21, 43, 57, 548350), stop_time=datetime.datetime(2022, 8, 1, 21, 45, 30, 905423), execution_time=datetime.timedelta(seconds=93, microseconds=357073), message='Pipeline has been completed.', experiment_file_path='E:\\ineuronbasics\\Machine-Learning-Projects\\housing\\artifact\\experiment\\experiment.csv', accuracy=0.650287177366607, is_model_accepted=False)
[2022-08-01 21:46:02,605]^;INFO^;224^;_internal.py^;_log()^;127.0.0.1 - - [01/Aug/2022 21:46:02] "GET /view_experiment_hist HTTP/1.1" 200 -
[2022-08-01 21:48:06,120]^;INFO^;224^;_internal.py^;_log()^;127.0.0.1 - - [01/Aug/2022 21:48:06] "GET /artifact HTTP/1.1" 200 -
[2022-08-01 21:48:08,757]^;INFO^;224^;_internal.py^;_log()^;127.0.0.1 - - [01/Aug/2022 21:48:08] "GET /artifact/housing/artifact HTTP/1.1" 200 -
[2022-08-01 21:48:45,488]^;INFO^;224^;_internal.py^;_log()^;127.0.0.1 - - [01/Aug/2022 21:48:45] "GET /artifact/housing/artifact/data_ingestion HTTP/1.1" 200 -
[2022-08-01 21:49:42,721]^;INFO^;224^;_internal.py^;_log()^;127.0.0.1 - - [01/Aug/2022 21:49:42] "GET /artifact/housing/artifact HTTP/1.1" 200 -
[2022-08-01 21:49:46,912]^;INFO^;224^;_internal.py^;_log()^;127.0.0.1 - - [01/Aug/2022 21:49:46] "GET /artifact/housing/artifact/data_validation HTTP/1.1" 200 -
[2022-08-01 21:49:49,381]^;INFO^;224^;_internal.py^;_log()^;127.0.0.1 - - [01/Aug/2022 21:49:49] "GET /artifact/housing/artifact/data_validation/2022-08-01-21-43-57 HTTP/1.1" 200 -
[2022-08-01 21:49:54,216]^;INFO^;224^;_internal.py^;_log()^;127.0.0.1 - - [01/Aug/2022 21:49:54] "GET /artifact/housing/artifact/data_validation HTTP/1.1" 200 -
[2022-08-01 21:49:55,375]^;INFO^;224^;_internal.py^;_log()^;127.0.0.1 - - [01/Aug/2022 21:49:55] "GET /artifact/housing/artifact HTTP/1.1" 200 -
[2022-08-01 21:50:07,151]^;INFO^;224^;_internal.py^;_log()^;127.0.0.1 - - [01/Aug/2022 21:50:07] "GET /artifact/housing/artifact/data_validation HTTP/1.1" 200 -
[2022-08-01 21:50:09,892]^;INFO^;224^;_internal.py^;_log()^;127.0.0.1 - - [01/Aug/2022 21:50:09] "GET /artifact/housing/artifact/data_validation/2022-08-01-21-43-57 HTTP/1.1" 200 -
[2022-08-01 21:50:11,149]^;INFO^;224^;_internal.py^;_log()^;127.0.0.1 - - [01/Aug/2022 21:50:11] "GET /artifact/housing/artifact/data_validation/2022-08-01-21-43-57/report.json HTTP/1.1" 200 -
[2022-08-01 21:50:16,745]^;INFO^;224^;_internal.py^;_log()^;127.0.0.1 - - [01/Aug/2022 21:50:16] "GET /artifact/housing/artifact/data_validation/2022-08-01-21-43-57/report.html HTTP/1.1" 200 -
[2022-08-01 21:58:07,724]^;INFO^;224^;_internal.py^;_log()^;127.0.0.1 - - [01/Aug/2022 21:58:07] "[32mGET /artifact/housing HTTP/1.1[0m" 308 -
[2022-08-01 21:58:07,747]^;INFO^;224^;_internal.py^;_log()^;127.0.0.1 - - [01/Aug/2022 21:58:07] "GET /artifact HTTP/1.1" 200 -
[2022-08-01 21:58:09,118]^;INFO^;224^;_internal.py^;_log()^;127.0.0.1 - - [01/Aug/2022 21:58:09] "GET /artifact/housing/artifact HTTP/1.1" 200 -
[2022-08-01 21:58:15,695]^;INFO^;224^;_internal.py^;_log()^;127.0.0.1 - - [01/Aug/2022 21:58:15] "GET /predict HTTP/1.1" 200 -
[2022-08-01 22:00:42,449]^;INFO^;224^;_internal.py^;_log()^;127.0.0.1 - - [01/Aug/2022 22:00:42] "POST /predict HTTP/1.1" 200 -
